<?xml version="1.0" encoding="UTF-8"?>
<testsuite xmlns:xsi="http://www.w3.org/2001/XMLSchema-instance" xsi:noNamespaceSchemaLocation="https://maven.apache.org/surefire/maven-failsafe-plugin/xsd/failsafe-test-report-3.0.xsd" version="3.0" name="Testing API - GET" time="6.49" tests="7" errors="0" skipped="0" failures="0">
  <properties>
[...]
</properties>
  <testcase name="Get LIST USER" classname="Testing API - GET" time="1.7">
    <system-out><![CDATA[17:42:04.217 [pool-2-thread-1] INFO io.cucumber.core.plugin.SerenityReporter - Running feature from classpath:features//DELETE.feature

17:42:04.297 [pool-2-thread-1] INFO  - 

-------------------------------------------------------------------------------------
     _______. _______ .______       _______ .__   __.  __  .___________.____    ____ 
    /       ||   ____||   _  \     |   ____||  \ |  | |  | |           |\   \  /   / 
   |   (----`|  |__   |  |_)  |    |  |__   |   \|  | |  | `---|  |----` \   \/   /  
    \   \    |   __|  |      /     |   __|  |  . `  | |  |     |  |       \_    _/   
.----)   |   |  |____ |  |\  \----.|  |____ |  |\   | |  |     |  |         |  |     
|_______/    |_______|| _| `._____||_______||__| \__| |__|     |__|         |__|    
                                                                                     
 News and tutorials at http://www.serenity-bdd.info                                  
 Documentation at https://wakaleo.gitbooks.io/the-serenity-book/content/             
 Join the Serenity Community on Gitter: https://gitter.im/serenity-bdd/serenity-core 
 Serenity BDD Support and Training at http://serenity-bdd.info/#/trainingandsupport  
-------------------------------------------------------------------------------------


17:42:04.298 [pool-2-thread-1] DEBUG net.thucydides.core.steps.StepEventBus - Test suite started for story net.thucydides.core.model.Story@a2898e32

17:42:04.299 [pool-2-thread-1] INFO  - Test Suite Started: Testing API - DELETE

17:42:04.316 [pool-2-thread-1] INFO io.cucumber.core.plugin.SerenityReporter - Running feature from classpath:features//GET.feature

17:42:04.320 [pool-2-thread-1] DEBUG net.thucydides.core.steps.StepEventBus - Test suite started for story net.thucydides.core.model.Story@b2bd731e

17:42:04.320 [pool-2-thread-1] INFO  - Test Suite Started: Testing API - GET

17:42:04.328 [pool-2-thread-1] INFO io.cucumber.core.plugin.SerenityReporter - Running feature from classpath:features//PATCH.feature

17:42:04.330 [pool-2-thread-1] DEBUG net.thucydides.core.steps.StepEventBus - Test suite started for story net.thucydides.core.model.Story@9294fdde

17:42:04.330 [pool-2-thread-1] INFO  - Test Suite Started: Testing API - PATCH

17:42:04.331 [pool-2-thread-1] INFO io.cucumber.core.plugin.SerenityReporter - Running feature from classpath:features//POST.feature

17:42:04.333 [pool-2-thread-1] DEBUG net.thucydides.core.steps.StepEventBus - Test suite started for story net.thucydides.core.model.Story@4aecd652

17:42:04.333 [pool-2-thread-1] INFO  - Test Suite Started: Testing API - POST

17:42:04.339 [pool-2-thread-1] INFO io.cucumber.core.plugin.SerenityReporter - Running feature from classpath:features//PUT.feature

17:42:04.341 [pool-2-thread-1] DEBUG net.thucydides.core.steps.StepEventBus - Test suite started for story net.thucydides.core.model.Story@3363213e

17:42:04.341 [pool-2-thread-1] INFO  - Test Suite Started: Testing API - PUT



7
 Scenarios (
&amp#27;[32m7 passed&amp#27;[0m
)

21
 Steps (
&amp#27;[32m21 passed&amp#27;[0m
)

0m
6.617s





17:42:10.853 [pool-2-thread-1] DEBUG net.thucydides.core.reports.ReportService - Reporting formats: [JSON, HTML]

17:42:10.881 [pool-2-thread-1] DEBUG net.thucydides.core.reports.ReportService - Reporting formats: [JSON, HTML]

17:42:10.884 [pool-2-thread-1] DEBUG net.thucydides.core.reports.ReportService - Generating reports for 7 test outcomes using: net.thucydides.core.reports.json.JSONTestOutcomeReporter@54c9b7d3

17:42:10.885 [pool-3-thread-1] DEBUG net.thucydides.core.reports.ReportService - Processing test outcome Testing API - GET:Get LIST USER

17:42:10.885 [pool-3-thread-1] INFO net.thucydides.core.reports.ReportService - net.thucydides.core.reports.json.JSONTestOutcomeReporter@54c9b7d3: Generating report for test outcome: Testing API - GET:Get LIST USER

17:42:10.885 [pool-3-thread-4] DEBUG net.thucydides.core.reports.ReportService - Processing test outcome Testing API - GET:Get LIST <RESOURCE>

17:42:10.885 [pool-3-thread-2] DEBUG net.thucydides.core.reports.ReportService - Processing test outcome Testing API - GET:Get SINGLE USER

17:42:10.885 [pool-3-thread-2] INFO net.thucydides.core.reports.ReportService - net.thucydides.core.reports.json.JSONTestOutcomeReporter@54c9b7d3: Generating report for test outcome: Testing API - GET:Get SINGLE USER

17:42:10.885 [pool-3-thread-3] DEBUG net.thucydides.core.reports.ReportService - Processing test outcome Testing API - GET:Get SINGLE USER NOT FOUND

17:42:10.885 [pool-3-thread-3] INFO net.thucydides.core.reports.ReportService - net.thucydides.core.reports.json.JSONTestOutcomeReporter@54c9b7d3: Generating report for test outcome: Testing API - GET:Get SINGLE USER NOT FOUND

17:42:10.885 [pool-3-thread-7] DEBUG net.thucydides.core.reports.ReportService - Processing test outcome Testing API - GET:Get DELAYED RESPONSE

17:42:10.885 [pool-3-thread-7] INFO net.thucydides.core.reports.ReportService - net.thucydides.core.reports.json.JSONTestOutcomeReporter@54c9b7d3: Generating report for test outcome: Testing API - GET:Get DELAYED RESPONSE

17:42:10.885 [pool-3-thread-4] INFO net.thucydides.core.reports.ReportService - net.thucydides.core.reports.json.JSONTestOutcomeReporter@54c9b7d3: Generating report for test outcome: Testing API - GET:Get LIST <RESOURCE>

17:42:10.885 [pool-3-thread-6] DEBUG net.thucydides.core.reports.ReportService - Processing test outcome Testing API - GET:Get SINGLE <RESOURCE> NOT FOUND

17:42:10.885 [pool-3-thread-5] DEBUG net.thucydides.core.reports.ReportService - Processing test outcome Testing API - GET:Get SINGLE <RESOURCE>

17:42:10.885 [pool-3-thread-6] INFO net.thucydides.core.reports.ReportService - net.thucydides.core.reports.json.JSONTestOutcomeReporter@54c9b7d3: Generating report for test outcome: Testing API - GET:Get SINGLE <RESOURCE> NOT FOUND

17:42:10.885 [pool-3-thread-5] INFO net.thucydides.core.reports.ReportService - net.thucydides.core.reports.json.JSONTestOutcomeReporter@54c9b7d3: Generating report for test outcome: Testing API - GET:Get SINGLE <RESOURCE>

17:42:10.887 [pool-3-thread-3] DEBUG net.thucydides.core.reports.json.JSONTestOutcomeReporter - Generating JSON report for Get SINGLE USER NOT FOUND to file /Users/fizkiarditiakusuma/Downloads/Reqres-API/target/site/serenity/a1117af9d19c82dd32163d19ad3aa11545b7e0c083b77429c8a7c803e281ae28.json (using temp file /Users/fizkiarditiakusuma/Downloads/Reqres-API/target/site/serenity/a1117af9d19c82dd32163d19ad3aa11545b7e0c083b77429c8a7c803e281ae28.json478f580a-3a35-4509-b437-35854132dd82)

17:42:10.887 [pool-3-thread-7] DEBUG net.thucydides.core.reports.json.JSONTestOutcomeReporter - Generating JSON report for Get DELAYED RESPONSE to file /Users/fizkiarditiakusuma/Downloads/Reqres-API/target/site/serenity/d1a9fd3d76dfb45841b34d96ee4285be2409626a83d35d4a3a881e53a2414924.json (using temp file /Users/fizkiarditiakusuma/Downloads/Reqres-API/target/site/serenity/d1a9fd3d76dfb45841b34d96ee4285be2409626a83d35d4a3a881e53a2414924.jsoned20c42a-9f32-474e-9822-33ee248fbf3e)

17:42:10.887 [pool-3-thread-1] DEBUG net.thucydides.core.reports.json.JSONTestOutcomeReporter - Generating JSON report for Get LIST USER to file /Users/fizkiarditiakusuma/Downloads/Reqres-API/target/site/serenity/e702022afa9059e4b8fb37540857eab23426e95eba880a033600b24d5d2a7772.json (using temp file /Users/fizkiarditiakusuma/Downloads/Reqres-API/target/site/serenity/e702022afa9059e4b8fb37540857eab23426e95eba880a033600b24d5d2a7772.jsonc8eaa9f2-1a2c-4e9d-939e-0a67c2d3ee78)

17:42:10.887 [pool-3-thread-4] DEBUG net.thucydides.core.reports.json.JSONTestOutcomeReporter - Generating JSON report for Get LIST <RESOURCE> to file /Users/fizkiarditiakusuma/Downloads/Reqres-API/target/site/serenity/e428da6ef89c22c66da7cf8963197bdadbda7cf7352ec9ec692283265865ec9e.json (using temp file /Users/fizkiarditiakusuma/Downloads/Reqres-API/target/site/serenity/e428da6ef89c22c66da7cf8963197bdadbda7cf7352ec9ec692283265865ec9e.json7e0feac3-eb11-49f1-a5a8-319d4cdfae13)

17:42:10.887 [pool-3-thread-6] DEBUG net.thucydides.core.reports.json.JSONTestOutcomeReporter - Generating JSON report for Get SINGLE <RESOURCE> NOT FOUND to file /Users/fizkiarditiakusuma/Downloads/Reqres-API/target/site/serenity/eb8b7aa07e9dc4e4fbfc1245d87d6d3fda8b9203683099f5d5e4dd5d31197eaf.json (using temp file /Users/fizkiarditiakusuma/Downloads/Reqres-API/target/site/serenity/eb8b7aa07e9dc4e4fbfc1245d87d6d3fda8b9203683099f5d5e4dd5d31197eaf.json00292996-9a95-41c4-bb22-c0d0a0cf602d)

17:42:10.887 [pool-3-thread-2] DEBUG net.thucydides.core.reports.json.JSONTestOutcomeReporter - Generating JSON report for Get SINGLE USER to file /Users/fizkiarditiakusuma/Downloads/Reqres-API/target/site/serenity/0d231046c9e89ca5249ab677a8e8ffc1a5e9e91dd0e3b27863d55177e709c844.json (using temp file /Users/fizkiarditiakusuma/Downloads/Reqres-API/target/site/serenity/0d231046c9e89ca5249ab677a8e8ffc1a5e9e91dd0e3b27863d55177e709c844.json4ae543b1-a7b7-4ff5-aa1a-a75c91dd98a6)

17:42:10.887 [pool-3-thread-5] DEBUG net.thucydides.core.reports.json.JSONTestOutcomeReporter - Generating JSON report for Get SINGLE <RESOURCE> to file /Users/fizkiarditiakusuma/Downloads/Reqres-API/target/site/serenity/7ed81bafb752e34f3c1826bcfdaa8235e2e81aa50406a94265b16ac56b11849f.json (using temp file /Users/fizkiarditiakusuma/Downloads/Reqres-API/target/site/serenity/7ed81bafb752e34f3c1826bcfdaa8235e2e81aa50406a94265b16ac56b11849f.json15e45c38-3279-4475-b29c-e26a3e706972)

17:42:10.899 [pool-3-thread-3] DEBUG net.thucydides.core.reports.ReportService - Processing test outcome Testing API - GET:Get SINGLE USER NOT FOUND done

17:42:10.899 [pool-3-thread-2] DEBUG net.thucydides.core.reports.ReportService - Processing test outcome Testing API - GET:Get SINGLE USER done

17:42:10.899 [pool-3-thread-1] DEBUG net.thucydides.core.reports.ReportService - Processing test outcome Testing API - GET:Get LIST USER done

17:42:10.900 [pool-3-thread-4] DEBUG net.thucydides.core.reports.ReportService - Processing test outcome Testing API - GET:Get LIST <RESOURCE> done

17:42:10.900 [pool-3-thread-5] DEBUG net.thucydides.core.reports.ReportService - Processing test outcome Testing API - GET:Get SINGLE <RESOURCE> done

17:42:10.900 [pool-3-thread-6] DEBUG net.thucydides.core.reports.ReportService - Processing test outcome Testing API - GET:Get SINGLE <RESOURCE> NOT FOUND done

17:42:10.900 [pool-3-thread-7] DEBUG net.thucydides.core.reports.ReportService - Processing test outcome Testing API - GET:Get DELAYED RESPONSE done

17:42:10.900 [pool-2-thread-1] DEBUG net.thucydides.core.reports.ReportService - Shutting down executor service

17:42:10.900 [pool-2-thread-1] DEBUG net.thucydides.core.reports.ReportService - Reports generated in: 16 ms

17:42:10.900 [pool-2-thread-1] DEBUG net.thucydides.core.reports.ReportService - Generating reports for 7 test outcomes using: net.thucydides.core.reports.html.HtmlAcceptanceTestReporter@56967749

17:42:10.901 [pool-4-thread-1] DEBUG net.thucydides.core.reports.ReportService - Processing test outcome Testing API - GET:Get LIST USER

17:42:10.901 [pool-4-thread-1] INFO net.thucydides.core.reports.ReportService - net.thucydides.core.reports.html.HtmlAcceptanceTestReporter@56967749: Generating report for test outcome: Testing API - GET:Get LIST USER

17:42:10.901 [pool-4-thread-2] DEBUG net.thucydides.core.reports.ReportService - Processing test outcome Testing API - GET:Get SINGLE USER

17:42:10.901 [pool-4-thread-3] DEBUG net.thucydides.core.reports.ReportService - Processing test outcome Testing API - GET:Get SINGLE USER NOT FOUND

17:42:10.901 [pool-4-thread-3] INFO net.thucydides.core.reports.ReportService - net.thucydides.core.reports.html.HtmlAcceptanceTestReporter@56967749: Generating report for test outcome: Testing API - GET:Get SINGLE USER NOT FOUND

17:42:10.901 [pool-4-thread-2] INFO net.thucydides.core.reports.ReportService - net.thucydides.core.reports.html.HtmlAcceptanceTestReporter@56967749: Generating report for test outcome: Testing API - GET:Get SINGLE USER

17:42:10.901 [pool-4-thread-4] DEBUG net.thucydides.core.reports.ReportService - Processing test outcome Testing API - GET:Get LIST <RESOURCE>

17:42:10.901 [pool-4-thread-4] INFO net.thucydides.core.reports.ReportService - net.thucydides.core.reports.html.HtmlAcceptanceTestReporter@56967749: Generating report for test outcome: Testing API - GET:Get LIST <RESOURCE>

17:42:10.901 [pool-4-thread-5] DEBUG net.thucydides.core.reports.ReportService - Processing test outcome Testing API - GET:Get SINGLE <RESOURCE>

17:42:10.901 [pool-4-thread-5] INFO net.thucydides.core.reports.ReportService - net.thucydides.core.reports.html.HtmlAcceptanceTestReporter@56967749: Generating report for test outcome: Testing API - GET:Get SINGLE <RESOURCE>

17:42:10.901 [pool-4-thread-7] DEBUG net.thucydides.core.reports.ReportService - Processing test outcome Testing API - GET:Get DELAYED RESPONSE

17:42:10.901 [pool-4-thread-7] INFO net.thucydides.core.reports.ReportService - net.thucydides.core.reports.html.HtmlAcceptanceTestReporter@56967749: Generating report for test outcome: Testing API - GET:Get DELAYED RESPONSE

17:42:10.901 [pool-4-thread-6] DEBUG net.thucydides.core.reports.ReportService - Processing test outcome Testing API - GET:Get SINGLE <RESOURCE> NOT FOUND

17:42:10.901 [pool-4-thread-6] INFO net.thucydides.core.reports.ReportService - net.thucydides.core.reports.html.HtmlAcceptanceTestReporter@56967749: Generating report for test outcome: Testing API - GET:Get SINGLE <RESOURCE> NOT FOUND

17:42:10.909 [pool-4-thread-4] DEBUG net.thucydides.core.requirements.model.cucumber.CucumberParser - Added feature Testing API - PATCH

17:42:10.909 [pool-4-thread-5] DEBUG net.thucydides.core.requirements.model.cucumber.CucumberParser - Added feature Testing API - PATCH

17:42:10.910 [pool-4-thread-7] DEBUG net.thucydides.core.requirements.model.cucumber.CucumberParser - Added feature Testing API - PATCH

17:42:10.910 [pool-4-thread-2] DEBUG net.thucydides.core.requirements.model.cucumber.CucumberParser - Added feature Testing API - PATCH

17:42:10.910 [pool-4-thread-3] DEBUG net.thucydides.core.requirements.model.cucumber.CucumberParser - Added feature Testing API - PATCH

17:42:10.911 [pool-4-thread-1] DEBUG net.thucydides.core.requirements.model.cucumber.CucumberParser - Added feature Testing API - PATCH

17:42:10.913 [pool-4-thread-6] DEBUG net.thucydides.core.requirements.model.cucumber.CucumberParser - Added feature Testing API - PATCH

17:42:10.915 [pool-4-thread-5] DEBUG net.thucydides.core.requirements.model.cucumber.CucumberParser - Added feature Testing API - GET

17:42:10.917 [pool-4-thread-5] DEBUG net.thucydides.core.requirements.model.cucumber.CucumberParser - Added feature Testing API - DELETE

17:42:10.918 [pool-4-thread-4] DEBUG net.thucydides.core.requirements.model.cucumber.CucumberParser - Added feature Testing API - GET

17:42:10.918 [pool-4-thread-3] DEBUG net.thucydides.core.requirements.model.cucumber.CucumberParser - Added feature Testing API - GET

17:42:10.918 [pool-4-thread-7] DEBUG net.thucydides.core.requirements.model.cucumber.CucumberParser - Added feature Testing API - GET

17:42:10.919 [pool-4-thread-4] DEBUG net.thucydides.core.requirements.model.cucumber.CucumberParser - Added feature Testing API - DELETE

17:42:10.919 [pool-4-thread-7] DEBUG net.thucydides.core.requirements.model.cucumber.CucumberParser - Added feature Testing API - DELETE

17:42:10.919 [pool-4-thread-1] DEBUG net.thucydides.core.requirements.model.cucumber.CucumberParser - Added feature Testing API - GET

17:42:10.920 [pool-4-thread-2] DEBUG net.thucydides.core.requirements.model.cucumber.CucumberParser - Added feature Testing API - GET

17:42:10.920 [pool-4-thread-3] DEBUG net.thucydides.core.requirements.model.cucumber.CucumberParser - Added feature Testing API - DELETE

17:42:10.921 [pool-4-thread-4] DEBUG net.thucydides.core.requirements.model.cucumber.CucumberParser - Added feature Testing API - POST

17:42:10.921 [pool-4-thread-1] DEBUG net.thucydides.core.requirements.model.cucumber.CucumberParser - Added feature Testing API - DELETE

17:42:10.921 [pool-4-thread-5] DEBUG net.thucydides.core.requirements.model.cucumber.CucumberParser - Added feature Testing API - POST

17:42:10.923 [pool-4-thread-6] DEBUG net.thucydides.core.requirements.model.cucumber.CucumberParser - Added feature Testing API - GET

17:42:10.923 [pool-4-thread-2] DEBUG net.thucydides.core.requirements.model.cucumber.CucumberParser - Added feature Testing API - DELETE

17:42:10.923 [pool-4-thread-1] DEBUG net.thucydides.core.requirements.model.cucumber.CucumberParser - Added feature Testing API - POST

17:42:10.923 [pool-4-thread-7] DEBUG net.thucydides.core.requirements.model.cucumber.CucumberParser - Added feature Testing API - POST

17:42:10.924 [pool-4-thread-4] DEBUG net.thucydides.core.requirements.model.cucumber.CucumberParser - Added feature Testing API - PUT

17:42:10.924 [pool-4-thread-5] DEBUG net.thucydides.core.requirements.model.cucumber.CucumberParser - Added feature Testing API - PUT

17:42:10.924 [pool-4-thread-1] DEBUG net.thucydides.core.requirements.model.cucumber.CucumberParser - Added feature Testing API - PUT

17:42:10.925 [pool-4-thread-6] DEBUG net.thucydides.core.requirements.model.cucumber.CucumberParser - Added feature Testing API - DELETE

17:42:10.925 [pool-4-thread-3] DEBUG net.thucydides.core.requirements.model.cucumber.CucumberParser - Added feature Testing API - POST

17:42:10.925 [pool-4-thread-7] DEBUG net.thucydides.core.requirements.model.cucumber.CucumberParser - Added feature Testing API - PUT

17:42:10.927 [pool-4-thread-2] DEBUG net.thucydides.core.requirements.model.cucumber.CucumberParser - Added feature Testing API - POST

17:42:10.927 [pool-4-thread-6] DEBUG net.thucydides.core.requirements.model.cucumber.CucumberParser - Added feature Testing API - POST

17:42:10.928 [pool-4-thread-3] DEBUG net.thucydides.core.requirements.model.cucumber.CucumberParser - Added feature Testing API - PUT

17:42:10.929 [pool-4-thread-6] DEBUG net.thucydides.core.requirements.model.cucumber.CucumberParser - Added feature Testing API - PUT

17:42:10.929 [pool-4-thread-2] DEBUG net.thucydides.core.requirements.model.cucumber.CucumberParser - Added feature Testing API - PUT

17:42:10.933 [pool-4-thread-2] DEBUG net.thucydides.core.requirements.BaseRequirementsService - Requirement found for test outcome Get SINGLE USER-[]: Optional[Requirement{name='Testing API - GET', type='feature' parent = 'null', cardNumber='null'}]

17:42:10.933 [pool-4-thread-6] DEBUG net.thucydides.core.requirements.BaseRequirementsService - Requirement found for test outcome Get SINGLE <RESOURCE> NOT FOUND-[]: Optional[Requirement{name='Testing API - GET', type='feature' parent = 'null', cardNumber='null'}]

17:42:10.933 [pool-4-thread-1] DEBUG net.thucydides.core.requirements.BaseRequirementsService - Requirement found for test outcome Get LIST USER-[]: Optional[Requirement{name='Testing API - GET', type='feature' parent = 'null', cardNumber='null'}]

17:42:10.933 [pool-4-thread-7] DEBUG net.thucydides.core.requirements.BaseRequirementsService - Requirement found for test outcome Get DELAYED RESPONSE-[]: Optional[Requirement{name='Testing API - GET', type='feature' parent = 'null', cardNumber='null'}]

17:42:10.933 [pool-4-thread-3] DEBUG net.thucydides.core.requirements.BaseRequirementsService - Requirement found for test outcome Get SINGLE USER NOT FOUND-[]: Optional[Requirement{name='Testing API - GET', type='feature' parent = 'null', cardNumber='null'}]

17:42:10.934 [pool-4-thread-4] DEBUG net.thucydides.core.requirements.BaseRequirementsService - Requirement found for test outcome Get LIST <RESOURCE>-[]: Optional[Requirement{name='Testing API - GET', type='feature' parent = 'null', cardNumber='null'}]

17:42:10.934 [pool-4-thread-5] DEBUG net.thucydides.core.requirements.BaseRequirementsService - Requirement found for test outcome Get SINGLE <RESOURCE>-[]: Optional[Requirement{name='Testing API - GET', type='feature' parent = 'null', cardNumber='null'}]

17:42:10.935 [pool-4-thread-7] DEBUG net.thucydides.core.requirements.BaseRequirementsService - Requirement found for test outcome Get DELAYED RESPONSE-[]: Optional[Requirement{name='Testing API - GET', type='feature' parent = 'null', cardNumber='null'}]

17:42:10.936 [pool-4-thread-1] DEBUG net.thucydides.core.requirements.BaseRequirementsService - Requirement found for test outcome Get LIST USER-[]: Optional[Requirement{name='Testing API - GET', type='feature' parent = 'null', cardNumber='null'}]

17:42:10.936 [pool-4-thread-6] DEBUG net.thucydides.core.requirements.BaseRequirementsService - Requirement found for test outcome Get SINGLE <RESOURCE> NOT FOUND-[]: Optional[Requirement{name='Testing API - GET', type='feature' parent = 'null', cardNumber='null'}]

17:42:10.936 [pool-4-thread-4] DEBUG net.thucydides.core.requirements.BaseRequirementsService - Requirement found for test outcome Get LIST <RESOURCE>-[]: Optional[Requirement{name='Testing API - GET', type='feature' parent = 'null', cardNumber='null'}]

17:42:10.936 [pool-4-thread-3] DEBUG net.thucydides.core.requirements.BaseRequirementsService - Requirement found for test outcome Get SINGLE USER NOT FOUND-[]: Optional[Requirement{name='Testing API - GET', type='feature' parent = 'null', cardNumber='null'}]

17:42:10.936 [pool-4-thread-2] DEBUG net.thucydides.core.requirements.BaseRequirementsService - Requirement found for test outcome Get SINGLE USER-[]: Optional[Requirement{name='Testing API - GET', type='feature' parent = 'null', cardNumber='null'}]

17:42:10.936 [pool-4-thread-5] DEBUG net.thucydides.core.requirements.BaseRequirementsService - Requirement found for test outcome Get SINGLE <RESOURCE>-[]: Optional[Requirement{name='Testing API - GET', type='feature' parent = 'null', cardNumber='null'}]

17:42:10.965 [pool-4-thread-1] DEBUG serenity.reporting - Generating report in e702022afa9059e4b8fb37540857eab23426e95eba880a033600b24d5d2a7772.html

17:42:10.966 [pool-4-thread-5] DEBUG serenity.reporting - Generating report in 7ed81bafb752e34f3c1826bcfdaa8235e2e81aa50406a94265b16ac56b11849f.html

17:42:10.965 [pool-4-thread-7] DEBUG serenity.reporting - Generating report in d1a9fd3d76dfb45841b34d96ee4285be2409626a83d35d4a3a881e53a2414924.html

17:42:10.966 [pool-4-thread-2] DEBUG serenity.reporting - Generating report in 0d231046c9e89ca5249ab677a8e8ffc1a5e9e91dd0e3b27863d55177e709c844.html

17:42:10.966 [pool-4-thread-4] DEBUG serenity.reporting - Generating report in e428da6ef89c22c66da7cf8963197bdadbda7cf7352ec9ec692283265865ec9e.html

17:42:11.136 [pool-4-thread-3] DEBUG serenity.reporting - Generating report in a1117af9d19c82dd32163d19ad3aa11545b7e0c083b77429c8a7c803e281ae28.html

17:42:11.136 [pool-4-thread-6] DEBUG serenity.reporting - Generating report in eb8b7aa07e9dc4e4fbfc1245d87d6d3fda8b9203683099f5d5e4dd5d31197eaf.html

17:42:11.196 [pool-4-thread-1] DEBUG serenity.reporting - Generated report e702022afa9059e4b8fb37540857eab23426e95eba880a033600b24d5d2a7772.html in 231 ms

17:42:11.196 [pool-4-thread-1] DEBUG net.thucydides.core.reports.ReportService - Processing test outcome Testing API - GET:Get LIST USER done

17:42:11.196 [pool-4-thread-4] DEBUG serenity.reporting - Generated report e428da6ef89c22c66da7cf8963197bdadbda7cf7352ec9ec692283265865ec9e.html in 230 ms

17:42:11.196 [pool-4-thread-4] DEBUG net.thucydides.core.reports.ReportService - Processing test outcome Testing API - GET:Get LIST <RESOURCE> done

17:42:11.197 [pool-4-thread-2] DEBUG serenity.reporting - Generated report 0d231046c9e89ca5249ab677a8e8ffc1a5e9e91dd0e3b27863d55177e709c844.html in 231 ms

17:42:11.197 [pool-4-thread-2] DEBUG net.thucydides.core.reports.ReportService - Processing test outcome Testing API - GET:Get SINGLE USER done

17:42:11.197 [pool-4-thread-6] DEBUG serenity.reporting - Generated report eb8b7aa07e9dc4e4fbfc1245d87d6d3fda8b9203683099f5d5e4dd5d31197eaf.html in 61 ms

17:42:11.197 [pool-4-thread-6] DEBUG net.thucydides.core.reports.ReportService - Processing test outcome Testing API - GET:Get SINGLE <RESOURCE> NOT FOUND done

17:42:11.197 [pool-4-thread-3] DEBUG serenity.reporting - Generated report a1117af9d19c82dd32163d19ad3aa11545b7e0c083b77429c8a7c803e281ae28.html in 61 ms

17:42:11.197 [pool-4-thread-3] DEBUG net.thucydides.core.reports.ReportService - Processing test outcome Testing API - GET:Get SINGLE USER NOT FOUND done

17:42:11.197 [pool-4-thread-5] DEBUG serenity.reporting - Generated report 7ed81bafb752e34f3c1826bcfdaa8235e2e81aa50406a94265b16ac56b11849f.html in 231 ms

17:42:11.198 [pool-4-thread-5] DEBUG net.thucydides.core.reports.ReportService - Processing test outcome Testing API - GET:Get SINGLE <RESOURCE> done

17:42:11.198 [pool-4-thread-7] DEBUG serenity.reporting - Generated report d1a9fd3d76dfb45841b34d96ee4285be2409626a83d35d4a3a881e53a2414924.html in 233 ms

17:42:11.198 [pool-4-thread-7] DEBUG net.thucydides.core.reports.ReportService - Processing test outcome Testing API - GET:Get DELAYED RESPONSE done

17:42:11.198 [pool-2-thread-1] DEBUG net.thucydides.core.reports.ReportService - Shutting down executor service

17:42:11.198 [pool-2-thread-1] DEBUG net.thucydides.core.reports.ReportService - Reports generated in: 298 ms

17:42:11.253 [pool-2-thread-1] INFO io.cucumber.core.plugin.SerenityReporter - Cleanup test resources for URI classpath:features//GET.feature


@REQRES @GET
Scenario: Get LIST USER                              &amp#27;[90m# features//GET.feature:5&amp#27;[0m
17:42:04.400 [pool-2-thread-1] INFO io.cucumber.core.plugin.SerenityReporter - Running feature from classpath:features//GET.feature
17:42:04.437 [pool-2-thread-1] INFO  - 
  _____   ___   ___   _____     ___   _____     _     ___   _____   ___   ___  
 |_   _| | __| / __| |_   _|   / __| |_   _|   /_\   | _ \ |_   _| | __| |   \ 
   | |   | _|  \__ \   | |     \__ \   | |    / _ \  |   /   | |   | _|  | |) |
   |_|   |___| |___/   |_|     |___/   |_|   /_/ \_\ |_|_\   |_|   |___| |___/ 

Get LIST USER(testing-api---get;get-list-user)
--------------------------------------------------------------------------------
17:42:04.481 [pool-2-thread-1] DEBUG net.thucydides.core.requirements.model.cucumber.CucumberParser - Added feature Testing API - PATCH
17:42:04.488 [pool-2-thread-1] DEBUG net.thucydides.core.requirements.model.cucumber.CucumberParser - Added feature Testing API - GET
17:42:04.491 [pool-2-thread-1] DEBUG net.thucydides.core.requirements.model.cucumber.CucumberParser - Added feature Testing API - DELETE
17:42:04.493 [pool-2-thread-1] DEBUG net.thucydides.core.requirements.model.cucumber.CucumberParser - Added feature Testing API - POST
17:42:04.494 [pool-2-thread-1] DEBUG net.thucydides.core.requirements.model.cucumber.CucumberParser - Added feature Testing API - PUT
  &amp#27;[32mGiven &amp#27;[0m&amp#27;[32mUser Set Paramater API reqres get LIST USERS&amp#27;[0m &amp#27;[90m# step_definitions.GET.getStepdef.userSetParamaterAPIReqresGetLISTUSERS()&amp#27;[0m
  &amp#27;[32mThen &amp#27;[0m&amp#27;[32mStatus Code Should be &amp#27;[0m&amp#27;[32m&amp#27;[1m200&amp#27;[0m&amp#27;[32m OK&amp#27;[0m                  &amp#27;[90m# step_definitions.reqresStatusCode.statusCodeShouldBeOK(int)&amp#27;[0m
  &amp#27;[32mAnd &amp#27;[0m&amp#27;[32mValidate get LIST USERS json schema&amp#27;[0m            &amp#27;[90m# step_definitions.GET.getStepdef.validateGetLISTUSERSJsonSchema()&amp#27;[0m
17:42:06.041 [pool-2-thread-1] INFO  - 
  _____   ___   ___   _____     ___     _     ___   ___   ___   ___  
 |_   _| | __| / __| |_   _|   | _ \   /_\   / __| / __| | __| |   \ 
   | |   | _|  \__ \   | |     |  _/  / _ \  \__ \ \__ \ | _|  | |) |
   |_|   |___| |___/   |_|     |_|   /_/ \_\ |___/ |___/ |___| |___/ 

Get LIST USER
----------------------------------------------------------------------
]]></system-out>
  </testcase>
  <testcase name="Get SINGLE USER" classname="Testing API - GET" time="0.113">
    <system-out><![CDATA[
@REQRES @GET
Scenario: Get SINGLE USER                             &amp#27;[90m# features//GET.feature:10&amp#27;[0m
17:42:06.044 [pool-2-thread-1] INFO io.cucumber.core.plugin.SerenityReporter - Running feature from classpath:features//GET.feature
17:42:06.045 [pool-2-thread-1] INFO  - 
  _____   ___   ___   _____     ___   _____     _     ___   _____   ___   ___  
 |_   _| | __| / __| |_   _|   / __| |_   _|   /_\   | _ \ |_   _| | __| |   \ 
   | |   | _|  \__ \   | |     \__ \   | |    / _ \  |   /   | |   | _|  | |) |
   |_|   |___| |___/   |_|     |___/   |_|   /_/ \_\ |_|_\   |_|   |___| |___/ 

Get SINGLE USER(testing-api---get;get-single-user)
--------------------------------------------------------------------------------
  &amp#27;[32mGiven &amp#27;[0m&amp#27;[32mUser Set Paramater API reqres get SINGLE USER&amp#27;[0m &amp#27;[90m# step_definitions.GET.getStepdef.userSetParamaterAPIReqresGetSINGLEUSER()&amp#27;[0m
  &amp#27;[32mThen &amp#27;[0m&amp#27;[32mStatus Code Should be &amp#27;[0m&amp#27;[32m&amp#27;[1m200&amp#27;[0m&amp#27;[32m OK&amp#27;[0m                   &amp#27;[90m# step_definitions.reqresStatusCode.statusCodeShouldBeOK(int)&amp#27;[0m
  &amp#27;[32mAnd &amp#27;[0m&amp#27;[32mValidate get SINGLE USER json schema&amp#27;[0m            &amp#27;[90m# step_definitions.GET.getStepdef.validateGetSINGLEUSERJsonSchema()&amp#27;[0m
17:42:06.155 [pool-2-thread-1] INFO  - 
  _____   ___   ___   _____     ___     _     ___   ___   ___   ___  
 |_   _| | __| / __| |_   _|   | _ \   /_\   / __| / __| | __| |   \ 
   | |   | _|  \__ \   | |     |  _/  / _ \  \__ \ \__ \ | _|  | |) |
   |_|   |___| |___/   |_|     |_|   /_/ \_\ |___/ |___/ |___| |___/ 

Get SINGLE USER
----------------------------------------------------------------------
]]></system-out>
  </testcase>
  <testcase name="Get SINGLE USER NOT FOUND" classname="Testing API - GET" time="0.471">
    <system-out><![CDATA[
@REQRES @GET
Scenario: Get SINGLE USER NOT FOUND                             &amp#27;[90m# features//GET.feature:15&amp#27;[0m
17:42:06.157 [pool-2-thread-1] INFO io.cucumber.core.plugin.SerenityReporter - Running feature from classpath:features//GET.feature
17:42:06.158 [pool-2-thread-1] INFO  - 
  _____   ___   ___   _____     ___   _____     _     ___   _____   ___   ___  
 |_   _| | __| / __| |_   _|   / __| |_   _|   /_\   | _ \ |_   _| | __| |   \ 
   | |   | _|  \__ \   | |     \__ \   | |    / _ \  |   /   | |   | _|  | |) |
   |_|   |___| |___/   |_|     |___/   |_|   /_/ \_\ |_|_\   |_|   |___| |___/ 

Get SINGLE USER NOT FOUND(testing-api---get;get-single-user-not-found)
--------------------------------------------------------------------------------
  &amp#27;[32mGiven &amp#27;[0m&amp#27;[32mUser Set Paramater API reqres get SINGLE USER NOT FOUND&amp#27;[0m &amp#27;[90m# step_definitions.GET.getStepdef.userSetParamaterAPIReqresGetSINGLEUSERNOTFOUND()&amp#27;[0m
  &amp#27;[32mThen &amp#27;[0m&amp#27;[32mStatus Code Should be &amp#27;[0m&amp#27;[32m&amp#27;[1m404&amp#27;[0m&amp#27;[32m Not_Found&amp#27;[0m                      &amp#27;[90m# step_definitions.reqresStatusCode.statusCodeShouldBeNot_Found(int)&amp#27;[0m
  &amp#27;[32mAnd &amp#27;[0m&amp#27;[32mValidate get SINGLE USER NOT FOUND json schema&amp#27;[0m            &amp#27;[90m# step_definitions.GET.getStepdef.validateGetSINGLEUSERNOTFOUNDJsonSchema()&amp#27;[0m
17:42:06.626 [pool-2-thread-1] INFO  - 
  _____   ___   ___   _____     ___     _     ___   ___   ___   ___  
 |_   _| | __| / __| |_   _|   | _ \   /_\   / __| / __| | __| |   \ 
   | |   | _|  \__ \   | |     |  _/  / _ \  \__ \ \__ \ | _|  | |) |
   |_|   |___| |___/   |_|     |_|   /_/ \_\ |___/ |___/ |___| |___/ 

Get SINGLE USER NOT FOUND
----------------------------------------------------------------------
]]></system-out>
  </testcase>
  <testcase name="Get LIST &lt;RESOURCE&gt;" classname="Testing API - GET" time="0.138">
    <system-out><![CDATA[
@REQRES @GET
Scenario: Get LIST <RESOURCE>                           &amp#27;[90m# features//GET.feature:20&amp#27;[0m
17:42:06.631 [pool-2-thread-1] INFO io.cucumber.core.plugin.SerenityReporter - Running feature from classpath:features//GET.feature
17:42:06.632 [pool-2-thread-1] INFO  - 
  _____   ___   ___   _____     ___   _____     _     ___   _____   ___   ___  
 |_   _| | __| / __| |_   _|   / __| |_   _|   /_\   | _ \ |_   _| | __| |   \ 
   | |   | _|  \__ \   | |     \__ \   | |    / _ \  |   /   | |   | _|  | |) |
   |_|   |___| |___/   |_|     |___/   |_|   /_/ \_\ |_|_\   |_|   |___| |___/ 

Get LIST <RESOURCE>(testing-api---get;get-list-<resource>)
--------------------------------------------------------------------------------
  &amp#27;[32mGiven &amp#27;[0m&amp#27;[32mUser Set Paramater API reqres get LIST RESOURCE&amp#27;[0m &amp#27;[90m# step_definitions.GET.getStepdef.userSetParamaterAPIReqresGetLISTRESOURCE()&amp#27;[0m
  &amp#27;[32mThen &amp#27;[0m&amp#27;[32mStatus Code Should be &amp#27;[0m&amp#27;[32m&amp#27;[1m200&amp#27;[0m&amp#27;[32m OK&amp#27;[0m                     &amp#27;[90m# step_definitions.reqresStatusCode.statusCodeShouldBeOK(int)&amp#27;[0m
  &amp#27;[32mAnd &amp#27;[0m&amp#27;[32mValidate get LIST RESOURCE json schema&amp#27;[0m            &amp#27;[90m# step_definitions.GET.getStepdef.validateGetLISTRESOURCEJsonSchema()&amp#27;[0m
17:42:06.764 [pool-2-thread-1] INFO  - 
  _____   ___   ___   _____     ___     _     ___   ___   ___   ___  
 |_   _| | __| / __| |_   _|   | _ \   /_\   / __| / __| | __| |   \ 
   | |   | _|  \__ \   | |     |  _/  / _ \  \__ \ \__ \ | _|  | |) |
   |_|   |___| |___/   |_|     |_|   /_/ \_\ |___/ |___/ |___| |___/ 

Get LIST <RESOURCE>
----------------------------------------------------------------------
]]></system-out>
  </testcase>
  <testcase name="Get SINGLE &lt;RESOURCE&gt;" classname="Testing API - GET" time="0.101">
    <system-out><![CDATA[
@REQRES @GET
Scenario: Get SINGLE <RESOURCE>                           &amp#27;[90m# features//GET.feature:25&amp#27;[0m
17:42:06.766 [pool-2-thread-1] INFO io.cucumber.core.plugin.SerenityReporter - Running feature from classpath:features//GET.feature
17:42:06.767 [pool-2-thread-1] INFO  - 
  _____   ___   ___   _____     ___   _____     _     ___   _____   ___   ___  
 |_   _| | __| / __| |_   _|   / __| |_   _|   /_\   | _ \ |_   _| | __| |   \ 
   | |   | _|  \__ \   | |     \__ \   | |    / _ \  |   /   | |   | _|  | |) |
   |_|   |___| |___/   |_|     |___/   |_|   /_/ \_\ |_|_\   |_|   |___| |___/ 

Get SINGLE <RESOURCE>(testing-api---get;get-single-<resource>)
--------------------------------------------------------------------------------
  &amp#27;[32mGiven &amp#27;[0m&amp#27;[32mUser Set Paramater API reqres get SINGLE RESOURCE&amp#27;[0m &amp#27;[90m# step_definitions.GET.getStepdef.userSetParamaterAPIReqresGetSINGLERESOURCE()&amp#27;[0m
  &amp#27;[32mThen &amp#27;[0m&amp#27;[32mStatus Code Should be &amp#27;[0m&amp#27;[32m&amp#27;[1m200&amp#27;[0m&amp#27;[32m OK&amp#27;[0m                       &amp#27;[90m# step_definitions.reqresStatusCode.statusCodeShouldBeOK(int)&amp#27;[0m
  &amp#27;[32mAnd &amp#27;[0m&amp#27;[32mValidate get SINGLE RESOURCE json schema&amp#27;[0m            &amp#27;[90m# step_definitions.GET.getStepdef.validateGetSINGLERESOURCEJsonSchema()&amp#27;[0m
17:42:06.864 [pool-2-thread-1] INFO  - 
  _____   ___   ___   _____     ___     _     ___   ___   ___   ___  
 |_   _| | __| / __| |_   _|   | _ \   /_\   / __| / __| | __| |   \ 
   | |   | _|  \__ \   | |     |  _/  / _ \  \__ \ \__ \ | _|  | |) |
   |_|   |___| |___/   |_|     |_|   /_/ \_\ |___/ |___/ |___| |___/ 

Get SINGLE <RESOURCE>
----------------------------------------------------------------------
]]></system-out>
  </testcase>
  <testcase name="Get SINGLE &lt;RESOURCE&gt; NOT FOUND" classname="Testing API - GET" time="0.492">
    <system-out><![CDATA[
@REQRES @GET
Scenario: Get SINGLE <RESOURCE> NOT FOUND                           &amp#27;[90m# features//GET.feature:30&amp#27;[0m
17:42:06.867 [pool-2-thread-1] INFO io.cucumber.core.plugin.SerenityReporter - Running feature from classpath:features//GET.feature
17:42:06.868 [pool-2-thread-1] INFO  - 
  _____   ___   ___   _____     ___   _____     _     ___   _____   ___   ___  
 |_   _| | __| / __| |_   _|   / __| |_   _|   /_\   | _ \ |_   _| | __| |   \ 
   | |   | _|  \__ \   | |     \__ \   | |    / _ \  |   /   | |   | _|  | |) |
   |_|   |___| |___/   |_|     |___/   |_|   /_/ \_\ |_|_\   |_|   |___| |___/ 

Get SINGLE <RESOURCE> NOT FOUND(testing-api---get;get-single-<resource>-not-found)
--------------------------------------------------------------------------------
  &amp#27;[32mGiven &amp#27;[0m&amp#27;[32mUser Set Paramater API reqres get SINGLE RESOURCE NOT FOUND&amp#27;[0m &amp#27;[90m# step_definitions.GET.getStepdef.userSetParamaterAPIReqresGetSINGLERESOURCENOTFOUND()&amp#27;[0m
  &amp#27;[32mThen &amp#27;[0m&amp#27;[32mStatus Code Should be &amp#27;[0m&amp#27;[32m&amp#27;[1m404&amp#27;[0m&amp#27;[32m Not_Found&amp#27;[0m                          &amp#27;[90m# step_definitions.reqresStatusCode.statusCodeShouldBeNot_Found(int)&amp#27;[0m
  &amp#27;[32mAnd &amp#27;[0m&amp#27;[32mValidate get SINGLE RESOURCE NOT FOUND json schema&amp#27;[0m            &amp#27;[90m# step_definitions.GET.getStepdef.validateGetSINGLERESOURCENOTFOUNDJsonSchema()&amp#27;[0m
17:42:07.356 [pool-2-thread-1] INFO  - 
  _____   ___   ___   _____     ___     _     ___   ___   ___   ___  
 |_   _| | __| / __| |_   _|   | _ \   /_\   / __| / __| | __| |   \ 
   | |   | _|  \__ \   | |     |  _/  / _ \  \__ \ \__ \ | _|  | |) |
   |_|   |___| |___/   |_|     |_|   /_/ \_\ |___/ |___/ |___| |___/ 

Get SINGLE <RESOURCE> NOT FOUND
----------------------------------------------------------------------
]]></system-out>
  </testcase>
  <testcase name="Get DELAYED RESPONSE" classname="Testing API - GET" time="3.475">
    <system-out><![CDATA[
@REQRES @GET
Scenario: Get DELAYED RESPONSE                             &amp#27;[90m# features//GET.feature:35&amp#27;[0m
17:42:07.360 [pool-2-thread-1] INFO io.cucumber.core.plugin.SerenityReporter - Running feature from classpath:features//GET.feature
17:42:07.361 [pool-2-thread-1] INFO  - 
  _____   ___   ___   _____     ___   _____     _     ___   _____   ___   ___  
 |_   _| | __| / __| |_   _|   / __| |_   _|   /_\   | _ \ |_   _| | __| |   \ 
   | |   | _|  \__ \   | |     \__ \   | |    / _ \  |   /   | |   | _|  | |) |
   |_|   |___| |___/   |_|     |___/   |_|   /_/ \_\ |_|_\   |_|   |___| |___/ 

Get DELAYED RESPONSE(testing-api---get;get-delayed-response)
--------------------------------------------------------------------------------
  &amp#27;[32mGiven &amp#27;[0m&amp#27;[32mUser Set Paramater API reqres get DELAYED RESPONSE&amp#27;[0m &amp#27;[90m# step_definitions.GET.getStepdef.userSetParamaterAPIReqresGetDELAYEDRESPONSE()&amp#27;[0m
  &amp#27;[32mThen &amp#27;[0m&amp#27;[32mStatus Code Should be &amp#27;[0m&amp#27;[32m&amp#27;[1m200&amp#27;[0m&amp#27;[32m OK&amp#27;[0m                        &amp#27;[90m# step_definitions.reqresStatusCode.statusCodeShouldBeOK(int)&amp#27;[0m
  &amp#27;[32mAnd &amp#27;[0m&amp#27;[32mValidate get DELAYED RESPONSE json schema&amp#27;[0m            &amp#27;[90m# step_definitions.GET.getStepdef.validateGetDELAYEDRESPONSEJsonSchema()&amp#27;[0m
17:42:10.831 [pool-2-thread-1] INFO  - 
  _____   ___   ___   _____     ___     _     ___   ___   ___   ___  
 |_   _| | __| / __| |_   _|   | _ \   /_\   / __| / __| | __| |   \ 
   | |   | _|  \__ \   | |     |  _/  / _ \  \__ \ \__ \ | _|  | |) |
   |_|   |___| |___/   |_|     |_|   /_/ \_\ |___/ |___/ |___| |___/ 

Get DELAYED RESPONSE
----------------------------------------------------------------------
]]></system-out>
  </testcase>
</testsuite>